<?xml version="1.0" encoding="UTF-8"?>
<!-- Generated by org.testng.reporters.JUnitReportReporter -->
<testsuite hostname="DESKTOP-0H0D468" name="test.UserRegisterationTestWithDDTAndWxcel" tests="6" failures="0" timestamp="23 Nov 2021 13:03:42 GMT" time="72.048" errors="0">
  <testcase name="testUserRegisteration" time="10.167" classname="test.UserRegisterationTestWithDDTAndWxcel"/>
  <testcase name="testUserRegisteration" time="16.524" classname="test.UserRegisterationTestWithDDTAndWxcel"/>
  <testcase name="testUserRegisteration" time="10.725" classname="test.UserRegisterationTestWithDDTAndWxcel"/>
  <testcase name="testUserRegisteration" time="13.259" classname="test.UserRegisterationTestWithDDTAndWxcel"/>
  <testcase name="testUserRegisteration" time="9.405" classname="test.UserRegisterationTestWithDDTAndWxcel"/>
  <testcase name="testUserRegisteration" time="11.968" classname="test.UserRegisterationTestWithDDTAndWxcel"/>
</testsuite> <!-- test.UserRegisterationTestWithDDTAndWxcel -->
