<?xml version="1.0" encoding="UTF-8"?>
<!-- Generated by org.testng.reporters.JUnitReportReporter -->
<testsuite hostname="DESKTOP-0H0D468" name="test.CreateNewCourse" tests="2" failures="0" timestamp="8 Dec 2021 16:58:44 GMT" time="11.210" errors="0">
  <testcase name="UserCanAccessNewCourseTab" time="6.214" classname="test.CreateNewCourse"/>
  <testcase name="UserCanAddNewCategory" time="4.996" classname="test.CreateNewCourse"/>
</testsuite> <!-- test.CreateNewCourse -->
