<?xml version="1.0" encoding="UTF-8"?>
<!-- Generated by org.testng.reporters.JUnitReportReporter -->
<testsuite hostname="DESKTOP-0H0D468" name="test.MyAccountTest" tests="4" failures="0" timestamp="22 Nov 2021 13:26:36 GMT" time="28.592" errors="0">
  <testcase name="userCanLogin" time="2.895" classname="test.MyAccountTest"/>
  <testcase name="testUserRegisteration" time="6.138" classname="test.MyAccountTest"/>
  <testcase name="userCanLogOut" time="3.487" classname="test.MyAccountTest"/>
  <testcase name="UserCanChangePswd" time="16.072" classname="test.MyAccountTest"/>
</testsuite> <!-- test.MyAccountTest -->
