<?xml version="1.0" encoding="UTF-8"?>
<!-- Generated by org.testng.reporters.JUnitReportReporter -->
<testsuite hostname="DESKTOP-0H0D468" name="test.SearchProductsUsingAutosugg" tests="1" failures="0" timestamp="5 Dec 2021 16:59:40 GMT" time="7.539" errors="0">
  <testcase name="userCanSearchUsingAutoSuggestion" time="7.539" classname="test.SearchProductsUsingAutosugg"/>
</testsuite> <!-- test.SearchProductsUsingAutosugg -->
