<?xml version="1.0" encoding="UTF-8"?>
<!-- Generated by org.testng.reporters.JUnitReportReporter -->
<testsuite hostname="DESKTOP-0H0D468" name="test.SearchTest" tests="1" failures="0" timestamp="22 Nov 2021 22:04:02 GMT" time="1.078" errors="0">
  <testcase name="UserCanSearchSuccessfully" time="1.078" classname="test.SearchTest"/>
</testsuite> <!-- test.SearchTest -->
