<?xml version="1.0" encoding="UTF-8"?>
<!-- Generated by org.testng.reporters.JUnitReportReporter -->
<testsuite hostname="DESKTOP-0H0D468" name="test.AddLearningActivities" tests="2" failures="0" timestamp="8 Dec 2021 16:58:44 GMT" time="15.511" errors="0">
  <testcase name="UserCanAccessNewCourseTab" time="3.270" classname="test.AddLearningActivities"/>
  <testcase name="UserCanEditCoursesuccessffuly" time="12.241" classname="test.AddLearningActivities"/>
</testsuite> <!-- test.AddLearningActivities -->
