<?xml version="1.0" encoding="UTF-8"?>
<!-- Generated by org.testng.reporters.JUnitReportReporter -->
<testsuite hostname="DESKTOP-0H0D468" name="test.UserRegisterationTestWithDDTAndDataProvider" tests="2" failures="0" timestamp="23 Nov 2021 09:56:48 GMT" time="18.903" errors="0">
  <testcase name="testUserRegisteration" time="11.667" classname="test.UserRegisterationTestWithDDTAndDataProvider"/>
  <testcase name="testUserRegisteration" time="7.236" classname="test.UserRegisterationTestWithDDTAndDataProvider"/>
</testsuite> <!-- test.UserRegisterationTestWithDDTAndDataProvider -->
