<?xml version="1.0" encoding="UTF-8"?>
<!-- Generated by org.testng.reporters.JUnitReportReporter -->
<testsuite hostname="DESKTOP-0H0D468" name="test.LoginTest" tests="4" failures="0" timestamp="13 Dec 2021 20:37:13 GMT" time="12.923" errors="0">
  <testcase name="UserCanNotLoginwithValidUsernameandinvalidPswd" time="5.789" classname="test.LoginTest"/>
  <testcase name="UserCanNotLoginWithInvalidUsernameAndinValidPswd" time="1.441" classname="test.LoginTest"/>
  <testcase name="UserCanNotLoginWithInvalidUsernameAndValidPswd" time="1.228" classname="test.LoginTest"/>
  <testcase name="UserCanNotLoginWithvalidUsernameAndValidPswd" time="4.465" classname="test.LoginTest"/>
</testsuite> <!-- test.LoginTest -->
