<?xml version="1.0" encoding="UTF-8"?>
<!-- Generated by org.testng.reporters.JUnitReportReporter -->
<testsuite hostname="DESKTOP-0H0D468" name="test.EmailFriend" tests="3" failures="0" timestamp="5 Dec 2021 17:28:17 GMT" time="23.965" errors="0">
  <testcase name="testUserRegisteration" time="6.620" classname="test.EmailFriend"/>
  <testcase name="userCanSearchUsingAutoSuggestion" time="14.619" classname="test.EmailFriend"/>
  <testcase name="UserEmailProductoFriend" time="2.726" classname="test.EmailFriend"/>
</testsuite> <!-- test.EmailFriend -->
