<?xml version="1.0" encoding="UTF-8"?>
<!-- Generated by org.testng.reporters.JUnitReportReporter -->
<testsuite hostname="DESKTOP-0H0D468" name="test.UserRegisterationTest" tests="3" failures="0" timestamp="21 Nov 2021 17:44:50 GMT" time="20.545" errors="0">
  <testcase name="userCanLogOut" time="4.214" classname="test.UserRegisterationTest"/>
  <testcase name="testUserRegisteration" time="9.283" classname="test.UserRegisterationTest"/>
  <testcase name="userCanLogin" time="7.048" classname="test.UserRegisterationTest"/>
</testsuite> <!-- test.UserRegisterationTest -->
