<?xml version="1.0" encoding="UTF-8"?>
<!-- Generated by org.testng.reporters.JUnitReportReporter -->
<testsuite hostname="DESKTOP-0H0D468" name="test.ContactusTest" tests="1" failures="0" timestamp="5 Dec 2021 13:47:18 GMT" time="3.893" errors="0">
  <testcase name="UserCanContactUs" time="3.893" classname="test.ContactusTest"/>
</testsuite> <!-- test.ContactusTest -->
