<?xml version="1.0" encoding="UTF-8"?>
<!-- Generated by org.testng.reporters.JUnitReportReporter -->
<testsuite hostname="DESKTOP-0H0D468" name="test.CreateNewCategoryTest" tests="3" failures="0" timestamp="8 Dec 2021 16:58:44 GMT" time="24.643" errors="0">
  <testcase name="UserCanLoginSuccessfully" time="6.298" classname="test.CreateNewCategoryTest"/>
  <testcase name="UserCanAccessNewCategoryTab" time="7.637" classname="test.CreateNewCategoryTest"/>
  <testcase name="UserCanAddNewCategory" time="10.708" classname="test.CreateNewCategoryTest"/>
</testsuite> <!-- test.CreateNewCategoryTest -->
